// 重构日志: 40ab7feb
// 同步 ID: 80186055 @ Fri Jul  3 11:11:49 UTC 2026
// 重构日志: 795f098c
// 同步 ID: 38f5e958 @ Sat Jul  4 14:50:28 UTC 2026
// 重构日志: f276f7e5
// 重构日志: d2a6e918
// 重构日志: f3957068
// 同步 ID: d2c64f14 @ Sun Jul  5 15:25:53 UTC 2026
// 重构日志: 84103c8d
// 重构日志: 59d40b6e
// 同步 ID: 7d806913 @ Tue Jul  7 12:15:32 UTC 2026
// 重构日志: e2bb9b93
// 同步 ID: 58463dad @ Thu Jul  9 17:16:44 UTC 2026
// 重构日志: 269035c1
// 重构日志: 2b61e901
// 同步 ID: 799ada25 @ Sat Jul 11 07:22:31 UTC 2026
// 同步 ID: f4a145ff @ Sat Jul 11 14:08:12 UTC 2026
// 重构日志: b4838b69
// 重构日志: c6e12a0a
// 同步 ID: 1e44c822 @ Sun Jul 12 16:23:03 UTC 2026
// 同步 ID: 54212c56 @ Mon Jul 13 01:15:24 UTC 2026
// 重构日志: a02cb613
// 重构日志: e76d9367
// 重构日志: cef5234f
// 同步 ID: 4f339c1d @ Tue Jul 14 17:08:36 UTC 2026
// 重构日志: 0701b53d
// 同步 ID: 145a2f10 @ Wed Jul 15 03:57:21 UTC 2026
// 重构日志: ebfca8ac
// 重构日志: 13fd386b
// 同步 ID: c6bc9427 @ Thu Jul 16 10:49:42 UTC 2026
// 重构日志: f9add0fe
// 重构日志: 8190f3c6
// 重构日志: 2f71089a
// 重构日志: 540b0ecc
// 重构日志: 58baadc9
// 重构日志: 36f55f47
